<?xml version="1.0" encoding="UTF-8"?>
<forms>
    <form auth="2">
        <title>First form</title>
        <body>
            # This is my first form in the data 
            - This is my form 
            - In my test data 
            #### Why this is so important! 
            ***because.*** 
            [click me for something wild](google.com) 
        </body>
        <category>
            <main>IT</main>
            <subcategory>Register</subcategory>
            <nextsub>Software</nextsub>
        </category>
        <meta>
            <keywords>my,first,form,data,this,is,wild</keywords>
        </meta>
    </form>
    <form auth="1">
        <title>Second form</title>
        <body>
            # Holy smokes! 
            *he did it again*
            wow. 
        </body>
        <category>
            <main>Accounting</main>
            <subcategory>Overage/Shortage</subcategory>
        </category>
        <meta>
            <keywords>my,second,form,data,he,did,it,again</keywords>
        </meta>
    </form>
</forms>